[dotenv@17.2.3] injecting env (11) from .env.local -- tip: ΓÜÖ∩╕Å  override existing env vars with { override: true }
Searching for slug "brazilian-lemonade-condensed-milk" at http://localhost:1337/api/articles?filters[slug][$eq]=brazilian-lemonade-condensed-milk&status=draft&populate=*...
Found 2 articles with slug "brazilian-lemonade-condensed-milk".
- ID: 94, DocumentID: mh1in3ksos3jrt1wyxjikz2x, Title: Creamy Brazilian Lemonade: The Ultimate Limonada Su├¡├ºa Recipe, Status: Draft
- ID: 93, DocumentID: yiowc6udruyqnk452yii1rxy, Title: Creamy Brazilian Lemonade: Authentic Limonada Su├¡├ºa Recipe, Status: Draft
-------------------
Searching for slug "leftover-rice-recipes-vegetarian" at http://localhost:1337/api/articles?filters[slug][$eq]=leftover-rice-recipes-vegetarian&status=draft&populate=*...
Found 2 articles with slug "leftover-rice-recipes-vegetarian".
- ID: 112, DocumentID: ml06cmf0uhcvw91m0xjd5un6, Title: Leftover Rice Recipes: Vegetarian & Zero Waste Guide, Status: Draft
- ID: 111, DocumentID: nzexiqgvf76qgo6a6dlubivc, Title: Revive Leftover Rice: Vegetarian Recipes & Safety Guide, Status: Draft
-------------------
Searching for slug "high-protein-vegan-breakfast-no-soy" at http://localhost:1337/api/articles?filters[slug][$eq]=high-protein-vegan-breakfast-no-soy&status=draft&populate=*...
Found 2 articles with slug "high-protein-vegan-breakfast-no-soy".
- ID: 129, DocumentID: s0t3y2uuddtgfykgeeffe2pq, Title: High Protein Vegan Breakfast No Soy for Muscle Building, Status: Draft
- ID: 130, DocumentID: e8vtcdpupqfiqa4yv0sswm5v, Title: High Protein Soy-Free Vegan Breakfasts for Muscle Growth, Status: Draft
-------------------
Searching for slug "dash-diet-dinner-recipes-low-sodium" at http://localhost:1337/api/articles?filters[slug][$eq]=dash-diet-dinner-recipes-low-sodium&status=draft&populate=*...
Found 2 articles with slug "dash-diet-dinner-recipes-low-sodium".
- ID: 140, DocumentID: xe24dtea7t2jw6dzedzdtvpr, Title: The Ultimate Guide to DASH Diet Dinner Recipes: Low Sodium, High Flavor, Status: Draft
- ID: 141, DocumentID: xe01j75r77q9rtyjegwf7xv8, Title: Low-Sodium DASH Diet Dinner Recipes: Big Flavor, Little Salt, Status: Draft
-------------------
